2021-12-02 14:42:11 INFO  FirstTest:35 - Start
2021-12-02 14:42:11 INFO  FirstTest:35 - Start
2021-12-02 14:42:12 DEBUG InternalLoggerFactory:89 - Using Log4J as the default logging framework
2021-12-02 14:42:12 DEBUG ResourceLeakDetector:129 - -Dio.netty.leakDetection.level: simple
2021-12-02 14:42:12 DEBUG ResourceLeakDetector:130 - -Dio.netty.leakDetection.targetRecords: 4
2021-12-02 14:42:12 DEBUG ResourceLeakDetectorFactory:196 - Loaded default ResourceLeakDetector: io.netty.util.ResourceLeakDetector@922aea8
2021-12-02 14:42:12 DEBUG PlatformDependent0:460 - -Dio.netty.noUnsafe: false
2021-12-02 14:42:12 DEBUG PlatformDependent0:954 - Java version: 8
2021-12-02 14:42:12 DEBUG PlatformDependent0:135 - sun.misc.Unsafe.theUnsafe: available
2021-12-02 14:42:12 DEBUG PlatformDependent0:159 - sun.misc.Unsafe.copyMemory: available
2021-12-02 14:42:12 DEBUG PlatformDependent0:202 - java.nio.Buffer.address: available
2021-12-02 14:42:12 DEBUG PlatformDependent0:272 - direct buffer constructor: available
2021-12-02 14:42:12 DEBUG PlatformDependent0:350 - java.nio.Bits.unaligned: available, true
2021-12-02 14:42:12 DEBUG PlatformDependent0:424 - jdk.internal.misc.Unsafe.allocateUninitializedArray(int): unavailable prior to Java9
2021-12-02 14:42:12 DEBUG PlatformDependent0:446 - java.nio.DirectByteBuffer.<init>(long, int): available
2021-12-02 14:42:12 DEBUG PlatformDependent:1103 - sun.misc.Unsafe: available
2021-12-02 14:42:12 DEBUG PlatformDependent:1224 - -Dio.netty.tmpdir: /var/folders/7c/2_r_kl4178505jylxtkfz2_r0000gn/T (java.io.tmpdir)
2021-12-02 14:42:12 DEBUG PlatformDependent:1303 - -Dio.netty.bitMode: 64 (sun.arch.data.model)
2021-12-02 14:42:12 DEBUG PlatformDependent:1071 - Platform: MacOS
2021-12-02 14:42:12 DEBUG PlatformDependent:178 - -Dio.netty.maxDirectMemory: 1908932608 bytes
2021-12-02 14:42:12 DEBUG PlatformDependent:185 - -Dio.netty.uninitializedArrayAllocationThreshold: -1
2021-12-02 14:42:12 DEBUG CleanerJava6:92 - java.nio.ByteBuffer.cleaner(): available
2021-12-02 14:42:12 DEBUG PlatformDependent:205 - -Dio.netty.noPreferDirect: false
2021-12-02 14:42:12 DEBUG PlatformDependent:967 - org.jctools-core.MpscChunkedArrayQueue: available
2021-12-02 14:42:12 DEBUG InternalThreadLocalMap:83 - -Dio.netty.threadLocalMap.stringBuilder.initialSize: 1024
2021-12-02 14:42:12 DEBUG InternalThreadLocalMap:86 - -Dio.netty.threadLocalMap.stringBuilder.maxSize: 4096
2021-12-02 14:42:13 DEBUG JdkSslContext:97 - Default protocols (JDK): [TLSv1.2] 
2021-12-02 14:42:13 DEBUG JdkSslContext:98 - Default cipher suites (JDK): [TLS_ECDHE_ECDSA_WITH_AES_256_GCM_SHA384, TLS_ECDHE_ECDSA_WITH_AES_128_GCM_SHA256, TLS_ECDHE_RSA_WITH_AES_128_GCM_SHA256, TLS_ECDHE_RSA_WITH_AES_256_GCM_SHA384, TLS_ECDHE_RSA_WITH_AES_128_CBC_SHA, TLS_ECDHE_RSA_WITH_AES_256_CBC_SHA, TLS_RSA_WITH_AES_128_GCM_SHA256, TLS_RSA_WITH_AES_128_CBC_SHA, TLS_RSA_WITH_AES_256_CBC_SHA, TLS_AES_128_GCM_SHA256, TLS_AES_256_GCM_SHA384]
2021-12-02 14:42:13 DEBUG MultithreadEventLoopGroup:44 - -Dio.netty.eventLoopThreads: 8
2021-12-02 14:42:13 DEBUG NioEventLoop:106 - -Dio.netty.noKeySetOptimization: false
2021-12-02 14:42:13 DEBUG NioEventLoop:107 - -Dio.netty.selectorAutoRebuildThreshold: 512
2021-12-02 14:42:13 DEBUG PooledByteBufAllocator:155 - -Dio.netty.allocator.numHeapArenas: 8
2021-12-02 14:42:13 DEBUG PooledByteBufAllocator:156 - -Dio.netty.allocator.numDirectArenas: 8
2021-12-02 14:42:13 DEBUG PooledByteBufAllocator:158 - -Dio.netty.allocator.pageSize: 8192
2021-12-02 14:42:13 DEBUG PooledByteBufAllocator:163 - -Dio.netty.allocator.maxOrder: 11
2021-12-02 14:42:13 DEBUG PooledByteBufAllocator:167 - -Dio.netty.allocator.chunkSize: 16777216
2021-12-02 14:42:13 DEBUG PooledByteBufAllocator:168 - -Dio.netty.allocator.smallCacheSize: 256
2021-12-02 14:42:13 DEBUG PooledByteBufAllocator:169 - -Dio.netty.allocator.normalCacheSize: 64
2021-12-02 14:42:13 DEBUG PooledByteBufAllocator:170 - -Dio.netty.allocator.maxCachedBufferCapacity: 32768
2021-12-02 14:42:13 DEBUG PooledByteBufAllocator:171 - -Dio.netty.allocator.cacheTrimInterval: 8192
2021-12-02 14:42:13 DEBUG PooledByteBufAllocator:172 - -Dio.netty.allocator.cacheTrimIntervalMillis: 0
2021-12-02 14:42:13 DEBUG PooledByteBufAllocator:173 - -Dio.netty.allocator.useCacheForAllThreads: true
2021-12-02 14:42:13 DEBUG PooledByteBufAllocator:174 - -Dio.netty.allocator.maxCachedByteBuffersPerChunk: 1023
2021-12-02 14:42:13 DEBUG ByteBufUtil:87 - -Dio.netty.allocator.type: pooled
2021-12-02 14:42:13 DEBUG ByteBufUtil:96 - -Dio.netty.threadLocalDirectBufferSize: 0
2021-12-02 14:42:13 DEBUG ByteBufUtil:99 - -Dio.netty.maxThreadLocalCharBufferSize: 16384
2021-12-02 14:42:20 DEBUG DefaultChannelId:79 - -Dio.netty.processId: 9316 (auto-detected)
2021-12-02 14:42:20 DEBUG NetUtil:135 - -Djava.net.preferIPv4Stack: false
2021-12-02 14:42:20 DEBUG NetUtil:136 - -Djava.net.preferIPv6Addresses: false
2021-12-02 14:42:20 DEBUG NetUtilInitializations:129 - Loopback interface: lo0 (lo0, 0:0:0:0:0:0:0:1%lo0)
2021-12-02 14:42:20 DEBUG NetUtil:187 - Failed to get SOMAXCONN from sysctl and file /proc/sys/net/core/somaxconn. Default: 128
2021-12-02 14:42:20 DEBUG DefaultChannelId:101 - -Dio.netty.machineId: 98:fe:94:ff:fe:4f:4e:44 (auto-detected)
2021-12-02 14:42:20 DEBUG AbstractByteBuf:63 - -Dio.netty.buffer.checkAccessible: true
2021-12-02 14:42:20 DEBUG AbstractByteBuf:64 - -Dio.netty.buffer.checkBounds: true
2021-12-02 14:42:20 DEBUG ResourceLeakDetectorFactory:196 - Loaded default ResourceLeakDetector: io.netty.util.ResourceLeakDetector@6ac30d7e
2021-12-02 14:42:20 DEBUG Recycler:103 - -Dio.netty.recycler.maxCapacityPerThread: 4096
2021-12-02 14:42:20 DEBUG Recycler:104 - -Dio.netty.recycler.maxSharedCapacityFactor: 2
2021-12-02 14:42:20 DEBUG Recycler:105 - -Dio.netty.recycler.linkCapacity: 16
2021-12-02 14:42:20 DEBUG Recycler:106 - -Dio.netty.recycler.ratio: 8
2021-12-02 14:42:20 DEBUG Recycler:107 - -Dio.netty.recycler.delayedQueue.ratio: 8
2021-12-02 14:42:24 DEBUG Brotli:38 - brotli4j not in the classpath; Brotli support will be unavailable.
2021-12-02 14:42:39 INFO  FirstTest:88 - test1
2021-12-02 14:42:44 INFO  FirstTest:88 - test1
2021-12-02 14:42:54 INFO  FirstTest:97 - test2
2021-12-02 14:42:59 INFO  FirstTest:97 - test2
2021-12-02 14:43:04 INFO  FirstTest:106 - test3
2021-12-02 14:43:09 INFO  FirstTest:106 - test3
